  Source.cpp
C:\Users\User\source\repos\Demo\Source.cpp(24,26): warning C4244: 'argument': conversion from 'int' to 'float', possible loss of data
C:\Users\User\source\repos\Demo\Source.cpp(24,23): warning C4244: 'argument': conversion from 'float' to 'int', possible loss of data
C:\Users\User\source\repos\Demo\Source.cpp(24,20): warning C4244: 'argument': conversion from 'float' to 'int', possible loss of data
C:\Users\User\source\repos\Demo\Source.cpp(37,35): warning C4244: '=': conversion from 'double' to 'float', possible loss of data
C:\Users\User\source\repos\Demo\Source.cpp(43,38): warning C4244: '=': conversion from 'double' to 'float', possible loss of data
C:\Users\User\source\repos\Demo\Source.cpp(49,30): warning C4244: '=': conversion from 'int' to 'float', possible loss of data
C:\Users\User\source\repos\Demo\Source.cpp(50,31): warning C4244: '=': conversion from 'int' to 'float', possible loss of data
C:\Users\User\source\repos\Demo\Source.cpp(75,64): warning C4305: 'argument': truncation from 'double' to 'float'
C:\Users\User\source\repos\Demo\Source.cpp(142,24): warning C4244: 'argument': conversion from 'float' to 'int', possible loss of data
C:\Users\User\source\repos\Demo\Source.cpp(145,68): warning C4244: 'argument': conversion from 'int' to 'float', possible loss of data
C:\Users\User\source\repos\Demo\Source.cpp(148,68): warning C4244: 'argument': conversion from 'int' to 'float', possible loss of data
C:\Users\User\source\repos\Demo\Source.cpp(167,70): warning C4244: 'argument': conversion from 'int' to 'float', possible loss of data
C:\Users\User\source\repos\Demo\Source.cpp(170,39): warning C4244: 'argument': conversion from 'float' to 'int', possible loss of data
C:\Users\User\source\repos\Demo\Source.cpp(169,38): warning C4244: 'argument': conversion from 'float' to 'int', possible loss of data
C:\Users\User\source\repos\Demo\Source.cpp(178,70): warning C4244: 'argument': conversion from 'int' to 'float', possible loss of data
C:\Users\User\source\repos\Demo\Source.cpp(181,39): warning C4244: 'argument': conversion from 'float' to 'int', possible loss of data
C:\Users\User\source\repos\Demo\Source.cpp(180,38): warning C4244: 'argument': conversion from 'float' to 'int', possible loss of data
  Demo.vcxproj -> C:\Users\User\source\repos\Demo\x64\Debug\Demo.exe
  'pwsh.exe' is not recognized as an internal or external command,
  operable program or batch file.
